{"/Users/kimyoungman/Desktop/study/front/jest/reactTest_Habit/src/components/form/habitAddForm.jsx": {"path":"/Users/kimyoungman/Desktop/study/front/jest/reactTest_Habit/src/components/form/habitAddForm.jsx","statementMap":{"0":{"start":{"line":3,"column":21},"end":{"line":25,"column":2}},"1":{"start":{"line":4,"column":18},"end":{"line":4,"column":35}},"2":{"start":{"line":5,"column":19},"end":{"line":5,"column":36}},"3":{"start":{"line":7,"column":19},"end":{"line":12,"column":3}},"4":{"start":{"line":8,"column":4},"end":{"line":8,"column":27}},"5":{"start":{"line":9,"column":17},"end":{"line":9,"column":39}},"6":{"start":{"line":10,"column":4},"end":{"line":10,"column":30}},"7":{"start":{"line":11,"column":4},"end":{"line":11,"column":28}},"8":{"start":{"line":14,"column":2},"end":{"line":24,"column":4}}},"fnMap":{"0":{"name":"(anonymous_0)","decl":{"start":{"line":3,"column":26},"end":{"line":3,"column":27}},"loc":{"start":{"line":3,"column":37},"end":{"line":25,"column":1}},"line":3},"1":{"name":"(anonymous_1)","decl":{"start":{"line":7,"column":19},"end":{"line":7,"column":20}},"loc":{"start":{"line":7,"column":30},"end":{"line":12,"column":3}},"line":7}},"branchMap":{"0":{"loc":{"start":{"line":10,"column":4},"end":{"line":10,"column":29}},"type":"binary-expr","locations":[{"start":{"line":10,"column":4},"end":{"line":10,"column":8}},{"start":{"line":10,"column":12},"end":{"line":10,"column":29}}],"line":10}},"s":{"0":1,"1":3,"2":3,"3":3,"4":2,"5":2,"6":2,"7":2,"8":3},"f":{"0":3,"1":2},"b":{"0":[2,1]},"_coverageSchema":"43e27e138ebf9cfc5966b082cf9a028302ed4184","hash":"7fe9e96831bb2825cc2b36daa6a5ee662924dee5"}
}
