{"/Users/kimyoungman/Desktop/study/front/jest/reactTest_Habit/src/index.js": {"path":"/Users/kimyoungman/Desktop/study/front/jest/reactTest_Habit/src/index.js","statementMap":{"0":{"start":{"line":8,"column":23},"end":{"line":12,"column":2}},"1":{"start":{"line":13,"column":0},"end":{"line":18,"column":2}}},"fnMap":{},"branchMap":{},"s":{"0":0,"1":0},"f":{},"b":{},"hash":"36c45ba8fa6a087981b22bca70db7941cade2c1e"}
,"/Users/kimyoungman/Desktop/study/front/jest/reactTest_Habit/src/app/app.jsx": {"path":"/Users/kimyoungman/Desktop/study/front/jest/reactTest_Habit/src/app/app.jsx","statementMap":{"0":{"start":{"line":8,"column":12},"end":{"line":44,"column":1}},"1":{"start":{"line":9,"column":30},"end":{"line":9,"column":61}},"2":{"start":{"line":11,"column":26},"end":{"line":13,"column":8}},"3":{"start":{"line":12,"column":4},"end":{"line":12,"column":42}},"4":{"start":{"line":15,"column":26},"end":{"line":17,"column":8}},"5":{"start":{"line":16,"column":4},"end":{"line":16,"column":42}},"6":{"start":{"line":19,"column":23},"end":{"line":21,"column":8}},"7":{"start":{"line":20,"column":4},"end":{"line":20,"column":39}},"8":{"start":{"line":23,"column":20},"end":{"line":25,"column":8}},"9":{"start":{"line":24,"column":4},"end":{"line":24,"column":35}},"10":{"start":{"line":27,"column":22},"end":{"line":29,"column":8}},"11":{"start":{"line":28,"column":4},"end":{"line":28,"column":31}},"12":{"start":{"line":31,"column":2},"end":{"line":43,"column":4}},"13":{"start":{"line":33,"column":50},"end":{"line":33,"column":64}}},"fnMap":{"0":{"name":"(anonymous_0)","decl":{"start":{"line":8,"column":12},"end":{"line":8,"column":13}},"loc":{"start":{"line":8,"column":31},"end":{"line":44,"column":1}},"line":8},"1":{"name":"(anonymous_1)","decl":{"start":{"line":11,"column":38},"end":{"line":11,"column":39}},"loc":{"start":{"line":11,"column":49},"end":{"line":13,"column":3}},"line":11},"2":{"name":"(anonymous_2)","decl":{"start":{"line":15,"column":38},"end":{"line":15,"column":39}},"loc":{"start":{"line":15,"column":49},"end":{"line":17,"column":3}},"line":15},"3":{"name":"(anonymous_3)","decl":{"start":{"line":19,"column":35},"end":{"line":19,"column":36}},"loc":{"start":{"line":19,"column":46},"end":{"line":21,"column":3}},"line":19},"4":{"name":"(anonymous_4)","decl":{"start":{"line":23,"column":32},"end":{"line":23,"column":33}},"loc":{"start":{"line":23,"column":42},"end":{"line":25,"column":3}},"line":23},"5":{"name":"(anonymous_5)","decl":{"start":{"line":27,"column":34},"end":{"line":27,"column":35}},"loc":{"start":{"line":27,"column":40},"end":{"line":29,"column":3}},"line":27},"6":{"name":"(anonymous_6)","decl":{"start":{"line":33,"column":40},"end":{"line":33,"column":41}},"loc":{"start":{"line":33,"column":50},"end":{"line":33,"column":64}},"line":33}},"branchMap":{},"s":{"0":1,"1":13,"2":13,"3":2,"4":13,"5":1,"6":13,"7":1,"8":13,"9":1,"10":13,"11":1,"12":13,"13":39},"f":{"0":13,"1":2,"2":1,"3":1,"4":1,"5":1,"6":39},"b":{},"_coverageSchema":"43e27e138ebf9cfc5966b082cf9a028302ed4184","hash":"251dea128c336ede458a696ebdb712516ce85b81"}
,"/Users/kimyoungman/Desktop/study/front/jest/reactTest_Habit/src/app/habit_presenter.js": {"path":"/Users/kimyoungman/Desktop/study/front/jest/reactTest_Habit/src/app/habit_presenter.js","statementMap":{"0":{"start":{"line":3,"column":4},"end":{"line":3,"column":25}},"1":{"start":{"line":4,"column":4},"end":{"line":4,"column":31}},"2":{"start":{"line":8,"column":4},"end":{"line":8,"column":23}},"3":{"start":{"line":12,"column":4},"end":{"line":17,"column":7}},"4":{"start":{"line":13,"column":6},"end":{"line":15,"column":7}},"5":{"start":{"line":14,"column":8},"end":{"line":14,"column":52}},"6":{"start":{"line":16,"column":6},"end":{"line":16,"column":18}},"7":{"start":{"line":18,"column":4},"end":{"line":18,"column":24}},"8":{"start":{"line":22,"column":4},"end":{"line":28,"column":7}},"9":{"start":{"line":23,"column":6},"end":{"line":26,"column":7}},"10":{"start":{"line":24,"column":22},"end":{"line":24,"column":36}},"11":{"start":{"line":25,"column":8},"end":{"line":25,"column":58}},"12":{"start":{"line":27,"column":6},"end":{"line":27,"column":18}},"13":{"start":{"line":29,"column":4},"end":{"line":29,"column":24}},"14":{"start":{"line":33,"column":4},"end":{"line":33,"column":69}},"15":{"start":{"line":33,"column":47},"end":{"line":33,"column":67}},"16":{"start":{"line":34,"column":4},"end":{"line":34,"column":24}},"17":{"start":{"line":38,"column":4},"end":{"line":40,"column":5}},"18":{"start":{"line":39,"column":6},"end":{"line":39,"column":64}},"19":{"start":{"line":41,"column":4},"end":{"line":41,"column":71}},"20":{"start":{"line":42,"column":4},"end":{"line":42,"column":24}},"21":{"start":{"line":46,"column":4},"end":{"line":51,"column":7}},"22":{"start":{"line":47,"column":6},"end":{"line":49,"column":7}},"23":{"start":{"line":48,"column":8},"end":{"line":48,"column":38}},"24":{"start":{"line":50,"column":6},"end":{"line":50,"column":19}},"25":{"start":{"line":52,"column":4},"end":{"line":52,"column":24}}},"fnMap":{"0":{"name":"(anonymous_0)","decl":{"start":{"line":2,"column":2},"end":{"line":2,"column":3}},"loc":{"start":{"line":2,"column":33},"end":{"line":5,"column":3}},"line":2},"1":{"name":"(anonymous_1)","decl":{"start":{"line":7,"column":2},"end":{"line":7,"column":3}},"loc":{"start":{"line":7,"column":14},"end":{"line":9,"column":3}},"line":7},"2":{"name":"(anonymous_2)","decl":{"start":{"line":11,"column":2},"end":{"line":11,"column":3}},"loc":{"start":{"line":11,"column":27},"end":{"line":19,"column":3}},"line":11},"3":{"name":"(anonymous_3)","decl":{"start":{"line":12,"column":34},"end":{"line":12,"column":35}},"loc":{"start":{"line":12,"column":44},"end":{"line":17,"column":5}},"line":12},"4":{"name":"(anonymous_4)","decl":{"start":{"line":21,"column":2},"end":{"line":21,"column":3}},"loc":{"start":{"line":21,"column":27},"end":{"line":30,"column":3}},"line":21},"5":{"name":"(anonymous_5)","decl":{"start":{"line":22,"column":34},"end":{"line":22,"column":35}},"loc":{"start":{"line":22,"column":44},"end":{"line":28,"column":5}},"line":22},"6":{"name":"(anonymous_6)","decl":{"start":{"line":32,"column":2},"end":{"line":32,"column":3}},"loc":{"start":{"line":32,"column":24},"end":{"line":35,"column":3}},"line":32},"7":{"name":"(anonymous_7)","decl":{"start":{"line":33,"column":37},"end":{"line":33,"column":38}},"loc":{"start":{"line":33,"column":47},"end":{"line":33,"column":67}},"line":33},"8":{"name":"(anonymous_8)","decl":{"start":{"line":37,"column":2},"end":{"line":37,"column":3}},"loc":{"start":{"line":37,"column":20},"end":{"line":43,"column":3}},"line":37},"9":{"name":"(anonymous_9)","decl":{"start":{"line":45,"column":2},"end":{"line":45,"column":3}},"loc":{"start":{"line":45,"column":16},"end":{"line":53,"column":3}},"line":45},"10":{"name":"(anonymous_10)","decl":{"start":{"line":46,"column":34},"end":{"line":46,"column":35}},"loc":{"start":{"line":46,"column":45},"end":{"line":51,"column":5}},"line":46}},"branchMap":{"0":{"loc":{"start":{"line":13,"column":6},"end":{"line":15,"column":7}},"type":"if","locations":[{"start":{"line":13,"column":6},"end":{"line":15,"column":7}},{"start":{"line":13,"column":6},"end":{"line":15,"column":7}}],"line":13},"1":{"loc":{"start":{"line":23,"column":6},"end":{"line":26,"column":7}},"type":"if","locations":[{"start":{"line":23,"column":6},"end":{"line":26,"column":7}},{"start":{"line":23,"column":6},"end":{"line":26,"column":7}}],"line":23},"2":{"loc":{"start":{"line":25,"column":34},"end":{"line":25,"column":55}},"type":"cond-expr","locations":[{"start":{"line":25,"column":46},"end":{"line":25,"column":47}},{"start":{"line":25,"column":50},"end":{"line":25,"column":55}}],"line":25},"3":{"loc":{"start":{"line":38,"column":4},"end":{"line":40,"column":5}},"type":"if","locations":[{"start":{"line":38,"column":4},"end":{"line":40,"column":5}},{"start":{"line":38,"column":4},"end":{"line":40,"column":5}}],"line":38},"4":{"loc":{"start":{"line":47,"column":6},"end":{"line":49,"column":7}},"type":"if","locations":[{"start":{"line":47,"column":6},"end":{"line":49,"column":7}},{"start":{"line":47,"column":6},"end":{"line":49,"column":7}}],"line":47}},"s":{"0":16,"1":16,"2":30,"3":3,"4":8,"5":3,"6":5,"7":3,"8":4,"9":9,"10":4,"11":4,"12":5,"13":4,"14":2,"15":5,"16":2,"17":4,"18":1,"19":3,"20":3,"21":3,"22":7,"23":3,"24":4,"25":3},"f":{"0":16,"1":30,"2":3,"3":8,"4":4,"5":9,"6":2,"7":5,"8":4,"9":3,"10":7},"b":{"0":[3,5],"1":[4,5],"2":[1,3],"3":[1,3],"4":[3,4]},"_coverageSchema":"43e27e138ebf9cfc5966b082cf9a028302ed4184","hash":"7387aa57ec67fbc49f6b2bc59a35f9b726238241"}
,"/Users/kimyoungman/Desktop/study/front/jest/reactTest_Habit/src/components/form/habitAddForm.jsx": {"path":"/Users/kimyoungman/Desktop/study/front/jest/reactTest_Habit/src/components/form/habitAddForm.jsx","statementMap":{"0":{"start":{"line":3,"column":21},"end":{"line":25,"column":2}},"1":{"start":{"line":4,"column":18},"end":{"line":4,"column":35}},"2":{"start":{"line":5,"column":19},"end":{"line":5,"column":36}},"3":{"start":{"line":7,"column":19},"end":{"line":12,"column":3}},"4":{"start":{"line":8,"column":4},"end":{"line":8,"column":27}},"5":{"start":{"line":9,"column":17},"end":{"line":9,"column":39}},"6":{"start":{"line":10,"column":4},"end":{"line":10,"column":30}},"7":{"start":{"line":11,"column":4},"end":{"line":11,"column":28}},"8":{"start":{"line":14,"column":2},"end":{"line":24,"column":4}}},"fnMap":{"0":{"name":"(anonymous_0)","decl":{"start":{"line":3,"column":26},"end":{"line":3,"column":27}},"loc":{"start":{"line":3,"column":37},"end":{"line":25,"column":1}},"line":3},"1":{"name":"(anonymous_1)","decl":{"start":{"line":7,"column":19},"end":{"line":7,"column":20}},"loc":{"start":{"line":7,"column":30},"end":{"line":12,"column":3}},"line":7}},"branchMap":{"0":{"loc":{"start":{"line":10,"column":4},"end":{"line":10,"column":29}},"type":"binary-expr","locations":[{"start":{"line":10,"column":4},"end":{"line":10,"column":8}},{"start":{"line":10,"column":12},"end":{"line":10,"column":29}}],"line":10}},"s":{"0":3,"1":16,"2":16,"3":16,"4":4,"5":4,"6":4,"7":4,"8":16},"f":{"0":16,"1":4},"b":{"0":[4,3]},"_coverageSchema":"43e27e138ebf9cfc5966b082cf9a028302ed4184","hash":"7fe9e96831bb2825cc2b36daa6a5ee662924dee5"}
,"/Users/kimyoungman/Desktop/study/front/jest/reactTest_Habit/src/components/habit/habit.jsx": {"path":"/Users/kimyoungman/Desktop/study/front/jest/reactTest_Habit/src/components/habit/habit.jsx","statementMap":{"0":{"start":{"line":3,"column":14},"end":{"line":47,"column":2}},"1":{"start":{"line":4,"column":26},"end":{"line":6,"column":3}},"2":{"start":{"line":5,"column":4},"end":{"line":5,"column":23}},"3":{"start":{"line":8,"column":26},"end":{"line":10,"column":3}},"4":{"start":{"line":9,"column":4},"end":{"line":9,"column":23}},"5":{"start":{"line":12,"column":23},"end":{"line":14,"column":3}},"6":{"start":{"line":13,"column":4},"end":{"line":13,"column":20}},"7":{"start":{"line":16,"column":2},"end":{"line":46,"column":4}}},"fnMap":{"0":{"name":"(anonymous_0)","decl":{"start":{"line":3,"column":19},"end":{"line":3,"column":20}},"loc":{"start":{"line":3,"column":70},"end":{"line":47,"column":1}},"line":3},"1":{"name":"(anonymous_1)","decl":{"start":{"line":4,"column":26},"end":{"line":4,"column":27}},"loc":{"start":{"line":4,"column":32},"end":{"line":6,"column":3}},"line":4},"2":{"name":"(anonymous_2)","decl":{"start":{"line":8,"column":26},"end":{"line":8,"column":27}},"loc":{"start":{"line":8,"column":32},"end":{"line":10,"column":3}},"line":8},"3":{"name":"(anonymous_3)","decl":{"start":{"line":12,"column":23},"end":{"line":12,"column":24}},"loc":{"start":{"line":12,"column":29},"end":{"line":14,"column":3}},"line":12}},"branchMap":{},"s":{"0":3,"1":42,"2":4,"3":42,"4":3,"5":42,"6":3,"7":42},"f":{"0":42,"1":4,"2":3,"3":3},"b":{},"_coverageSchema":"43e27e138ebf9cfc5966b082cf9a028302ed4184","hash":"d6bfe7dd3001dffe903d11d1b086bb07050960e6"}
,"/Users/kimyoungman/Desktop/study/front/jest/reactTest_Habit/src/components/habits/habits.jsx": {"path":"/Users/kimyoungman/Desktop/study/front/jest/reactTest_Habit/src/components/habits/habits.jsx","statementMap":{"0":{"start":{"line":5,"column":15},"end":{"line":32,"column":1}},"1":{"start":{"line":13,"column":2},"end":{"line":31,"column":4}},"2":{"start":{"line":18,"column":10},"end":{"line":24,"column":12}}},"fnMap":{"0":{"name":"(anonymous_0)","decl":{"start":{"line":5,"column":15},"end":{"line":5,"column":16}},"loc":{"start":{"line":12,"column":6},"end":{"line":32,"column":1}},"line":12},"1":{"name":"(anonymous_1)","decl":{"start":{"line":17,"column":20},"end":{"line":17,"column":21}},"loc":{"start":{"line":18,"column":10},"end":{"line":24,"column":12}},"line":18}},"branchMap":{},"s":{"0":2,"1":19,"2":51},"f":{"0":19,"1":51},"b":{},"_coverageSchema":"43e27e138ebf9cfc5966b082cf9a028302ed4184","hash":"fe831306e7a8ba45283f29001ea4b130413850b9"}
,"/Users/kimyoungman/Desktop/study/front/jest/reactTest_Habit/src/components/navbar/navbar.jsx": {"path":"/Users/kimyoungman/Desktop/study/front/jest/reactTest_Habit/src/components/navbar/navbar.jsx","statementMap":{"0":{"start":{"line":5,"column":4},"end":{"line":13,"column":6}}},"fnMap":{"0":{"name":"(anonymous_0)","decl":{"start":{"line":4,"column":2},"end":{"line":4,"column":3}},"loc":{"start":{"line":4,"column":11},"end":{"line":14,"column":3}},"line":4}},"branchMap":{},"s":{"0":12},"f":{"0":12},"b":{},"_coverageSchema":"43e27e138ebf9cfc5966b082cf9a028302ed4184","hash":"5ced12851023389443c419bdfb939be0a2301c43"}
}
