TN:
SF:/Users/kimyoungman/Desktop/study/front/jest/reactTest_Habit/src/index.js
FNF:0
FNH:0
DA:8,0
DA:13,0
LF:2
LH:0
BRF:0
BRH:0
end_of_record
TN:
SF:/Users/kimyoungman/Desktop/study/front/jest/reactTest_Habit/src/app/app.jsx
FN:8,(anonymous_0)
FN:11,(anonymous_1)
FN:15,(anonymous_2)
FN:19,(anonymous_3)
FN:23,(anonymous_4)
FN:27,(anonymous_5)
FN:33,(anonymous_6)
FNF:7
FNH:7
FNDA:13,(anonymous_0)
FNDA:2,(anonymous_1)
FNDA:1,(anonymous_2)
FNDA:1,(anonymous_3)
FNDA:1,(anonymous_4)
FNDA:1,(anonymous_5)
FNDA:39,(anonymous_6)
DA:8,1
DA:9,13
DA:11,13
DA:12,2
DA:15,13
DA:16,1
DA:19,13
DA:20,1
DA:23,13
DA:24,1
DA:27,13
DA:28,1
DA:31,13
DA:33,39
LF:14
LH:14
BRF:0
BRH:0
end_of_record
TN:
SF:/Users/kimyoungman/Desktop/study/front/jest/reactTest_Habit/src/app/habit_presenter.js
FN:2,(anonymous_0)
FN:7,(anonymous_1)
FN:11,(anonymous_2)
FN:12,(anonymous_3)
FN:21,(anonymous_4)
FN:22,(anonymous_5)
FN:32,(anonymous_6)
FN:33,(anonymous_7)
FN:37,(anonymous_8)
FN:45,(anonymous_9)
FN:46,(anonymous_10)
FNF:11
FNH:11
FNDA:16,(anonymous_0)
FNDA:30,(anonymous_1)
FNDA:3,(anonymous_2)
FNDA:8,(anonymous_3)
FNDA:4,(anonymous_4)
FNDA:9,(anonymous_5)
FNDA:2,(anonymous_6)
FNDA:5,(anonymous_7)
FNDA:4,(anonymous_8)
FNDA:3,(anonymous_9)
FNDA:7,(anonymous_10)
DA:3,16
DA:4,16
DA:8,30
DA:12,3
DA:13,8
DA:14,3
DA:16,5
DA:18,3
DA:22,4
DA:23,9
DA:24,4
DA:25,4
DA:27,5
DA:29,4
DA:33,5
DA:34,2
DA:38,4
DA:39,1
DA:41,3
DA:42,3
DA:46,3
DA:47,7
DA:48,3
DA:50,4
DA:52,3
LF:25
LH:25
BRDA:13,0,0,3
BRDA:13,0,1,5
BRDA:23,1,0,4
BRDA:23,1,1,5
BRDA:25,2,0,1
BRDA:25,2,1,3
BRDA:38,3,0,1
BRDA:38,3,1,3
BRDA:47,4,0,3
BRDA:47,4,1,4
BRF:10
BRH:10
end_of_record
TN:
SF:/Users/kimyoungman/Desktop/study/front/jest/reactTest_Habit/src/components/form/habitAddForm.jsx
FN:3,(anonymous_0)
FN:7,(anonymous_1)
FNF:2
FNH:2
FNDA:16,(anonymous_0)
FNDA:4,(anonymous_1)
DA:3,3
DA:4,16
DA:5,16
DA:7,16
DA:8,4
DA:9,4
DA:10,4
DA:11,4
DA:14,16
LF:9
LH:9
BRDA:10,0,0,4
BRDA:10,0,1,3
BRF:2
BRH:2
end_of_record
TN:
SF:/Users/kimyoungman/Desktop/study/front/jest/reactTest_Habit/src/components/habit/habit.jsx
FN:3,(anonymous_0)
FN:4,(anonymous_1)
FN:8,(anonymous_2)
FN:12,(anonymous_3)
FNF:4
FNH:4
FNDA:42,(anonymous_0)
FNDA:4,(anonymous_1)
FNDA:3,(anonymous_2)
FNDA:3,(anonymous_3)
DA:3,3
DA:4,42
DA:5,4
DA:8,42
DA:9,3
DA:12,42
DA:13,3
DA:16,42
LF:8
LH:8
BRF:0
BRH:0
end_of_record
TN:
SF:/Users/kimyoungman/Desktop/study/front/jest/reactTest_Habit/src/components/habits/habits.jsx
FN:5,(anonymous_0)
FN:17,(anonymous_1)
FNF:2
FNH:2
FNDA:19,(anonymous_0)
FNDA:51,(anonymous_1)
DA:5,2
DA:13,19
DA:18,51
LF:3
LH:3
BRF:0
BRH:0
end_of_record
TN:
SF:/Users/kimyoungman/Desktop/study/front/jest/reactTest_Habit/src/components/navbar/navbar.jsx
FN:4,(anonymous_0)
FNF:1
FNH:1
FNDA:12,(anonymous_0)
DA:5,12
LF:1
LH:1
BRF:0
BRH:0
end_of_record
